1538901259.283262 client started (1293): version 2.7, socket /tmp//tmux-0/default, protocol 8
1538901259.283303 on Linux 4.9.0-kali3-686-pae #1 SMP Debian 4.9.18-1kali1 (2017-04-04); libevent 2.1.8-stable (poll)
1538901259.283330 socket is /tmp//tmux-0/default
1538901259.283349 trying connect
1538901259.283431 add peer 0x8036d5f0: 6 ((nil))
1538901259.283511 sending message 100 to peer 0x8036d5f0 (4 bytes)
1538901259.283526 sending message 101 to peer 0x8036d5f0 (20 bytes)
1538901259.283536 sending message 102 to peer 0x8036d5f0 (11 bytes)
1538901259.283546 sending message 108 to peer 0x8036d5f0 (22 bytes)
1538901259.283556 sending message 104 to peer 0x8036d5f0 (0 bytes)
1538901259.283565 sending message 107 to peer 0x8036d5f0 (4 bytes)
1538901259.283575 sending message 105 to peer 0x8036d5f0 (25 bytes)
1538901259.283584 sending message 105 to peer 0x8036d5f0 (1468 bytes)
1538901259.283603 sending message 105 to peer 0x8036d5f0 (23 bytes)
1538901259.283613 sending message 105 to peer 0x8036d5f0 (11 bytes)
1538901259.283622 sending message 105 to peer 0x8036d5f0 (15 bytes)
1538901259.283632 sending message 105 to peer 0x8036d5f0 (11 bytes)
1538901259.283641 sending message 105 to peer 0x8036d5f0 (13 bytes)
1538901259.283650 sending message 105 to peer 0x8036d5f0 (20 bytes)
1538901259.283659 sending message 105 to peer 0x8036d5f0 (70 bytes)
1538901259.283668 sending message 105 to peer 0x8036d5f0 (14 bytes)
1538901259.283678 sending message 105 to peer 0x8036d5f0 (11 bytes)
1538901259.283687 sending message 105 to peer 0x8036d5f0 (38 bytes)
1538901259.283696 sending message 105 to peer 0x8036d5f0 (17 bytes)
1538901259.283705 sending message 105 to peer 0x8036d5f0 (10 bytes)
1538901259.283714 sending message 105 to peer 0x8036d5f0 (24 bytes)
1538901259.283723 sending message 105 to peer 0x8036d5f0 (36 bytes)
1538901259.283732 sending message 105 to peer 0x8036d5f0 (26 bytes)
1538901259.283741 sending message 105 to peer 0x8036d5f0 (11 bytes)
1538901259.283750 sending message 105 to peer 0x8036d5f0 (23 bytes)
1538901259.283760 sending message 105 to peer 0x8036d5f0 (18 bytes)
1538901259.283769 sending message 105 to peer 0x8036d5f0 (19 bytes)
1538901259.283781 sending message 105 to peer 0x8036d5f0 (33 bytes)
1538901259.283791 sending message 105 to peer 0x8036d5f0 (21 bytes)
1538901259.283799 sending message 105 to peer 0x8036d5f0 (61 bytes)
1538901259.283809 sending message 105 to peer 0x8036d5f0 (28 bytes)
1538901259.283818 sending message 105 to peer 0x8036d5f0 (28 bytes)
1538901259.283827 sending message 105 to peer 0x8036d5f0 (13 bytes)
1538901259.283836 sending message 105 to peer 0x8036d5f0 (17 bytes)
1538901259.283845 sending message 105 to peer 0x8036d5f0 (16 bytes)
1538901259.283854 sending message 105 to peer 0x8036d5f0 (26 bytes)
1538901259.283863 sending message 105 to peer 0x8036d5f0 (49 bytes)
1538901259.283872 sending message 105 to peer 0x8036d5f0 (35 bytes)
1538901259.283880 sending message 105 to peer 0x8036d5f0 (13 bytes)
1538901259.283889 sending message 105 to peer 0x8036d5f0 (15 bytes)
1538901259.283898 sending message 105 to peer 0x8036d5f0 (8 bytes)
1538901259.283907 sending message 105 to peer 0x8036d5f0 (18 bytes)
1538901259.283916 sending message 105 to peer 0x8036d5f0 (18 bytes)
1538901259.283925 sending message 105 to peer 0x8036d5f0 (19 bytes)
1538901259.283934 sending message 105 to peer 0x8036d5f0 (44 bytes)
1538901259.283943 sending message 105 to peer 0x8036d5f0 (13 bytes)
1538901259.283952 sending message 105 to peer 0x8036d5f0 (51 bytes)
1538901259.283960 sending message 105 to peer 0x8036d5f0 (28 bytes)
1538901259.283969 sending message 105 to peer 0x8036d5f0 (38 bytes)
1538901259.283978 sending message 105 to peer 0x8036d5f0 (66 bytes)
1538901259.283987 sending message 105 to peer 0x8036d5f0 (82 bytes)
1538901259.283999 sending message 105 to peer 0x8036d5f0 (16 bytes)
1538901259.284008 sending message 106 to peer 0x8036d5f0 (0 bytes)
1538901259.284017 sending message 200 to peer 0x8036d5f0 (4 bytes)
1538901259.284026 client loop enter
1538901259.284508 peer 0x8036d5f0 message 211
1538901259.284535 client_write: sessions should be nested with care, unset $TMUX to force\n
1538901259.284567 peer 0x8036d5f0 message 203
1538901259.284578 client loop exit
